<?xml version="1.0" encoding="UTF-8"?>
<testsuite xmlns:xsi="http://www.w3.org/2001/XMLSchema-instance" xsi:noNamespaceSchemaLocation="https://maven.apache.org/surefire/maven-surefire-plugin/xsd/surefire-test-report-3.0.xsd" version="3.0" name="com.uady.NameFormatterTest$pruebasAnidadas" time="0.077" tests="14" errors="0" skipped="0" failures="0">
  <properties>
    <property name="java.specification.version" value="17"/>
    <property name="sun.cpu.isalist" value="amd64"/>
    <property name="sun.jnu.encoding" value="Cp1252"/>
    <property name="java.class.path" value="c:\Users\danie\OneDrive - Universidad Autonoma de Yucatan\LIS\LIS - Quinto Semestre\Construcción de Software\Código taller\name-formatter-junit\name-formatter\target\test-classes;c:\Users\danie\OneDrive - Universidad Autonoma de Yucatan\LIS\LIS - Quinto Semestre\Construcción de Software\Código taller\name-formatter-junit\name-formatter\target\classes;C:\Users\danie\.m2\repository\org\junit\jupiter\junit-jupiter-api\5.10.0\junit-jupiter-api-5.10.0.jar;C:\Users\danie\.m2\repository\org\opentest4j\opentest4j\1.3.0\opentest4j-1.3.0.jar;C:\Users\danie\.m2\repository\org\junit\platform\junit-platform-commons\1.10.0\junit-platform-commons-1.10.0.jar;C:\Users\danie\.m2\repository\org\apiguardian\apiguardian-api\1.1.2\apiguardian-api-1.1.2.jar;"/>
    <property name="java.vm.vendor" value="Oracle Corporation"/>
    <property name="sun.arch.data.model" value="64"/>
    <property name="user.variant" value=""/>
    <property name="java.vendor.url" value="https://java.oracle.com/"/>
    <property name="user.timezone" value="America/Mexico_City"/>
    <property name="os.name" value="Windows 10"/>
    <property name="java.vm.specification.version" value="17"/>
    <property name="sun.java.launcher" value="SUN_STANDARD"/>
    <property name="user.country" value="MX"/>
    <property name="sun.boot.library.path" value="C:\Program Files\Java\jdk-17\bin"/>
    <property name="sun.java.command" value="C:\Users\danie\AppData\Local\Temp\surefire16496492850259064690\surefirebooter-20231018120053836_3.jar C:\Users\danie\AppData\Local\Temp\surefire16496492850259064690 2023-10-18T12-00-52_978-jvmRun1 surefire-20231018120053836_1tmp surefire_0-20231018120053836_2tmp"/>
    <property name="jdk.debug" value="release"/>
    <property name="surefire.test.class.path" value="c:\Users\danie\OneDrive - Universidad Autonoma de Yucatan\LIS\LIS - Quinto Semestre\Construcción de Software\Código taller\name-formatter-junit\name-formatter\target\test-classes;c:\Users\danie\OneDrive - Universidad Autonoma de Yucatan\LIS\LIS - Quinto Semestre\Construcción de Software\Código taller\name-formatter-junit\name-formatter\target\classes;C:\Users\danie\.m2\repository\org\junit\jupiter\junit-jupiter-api\5.10.0\junit-jupiter-api-5.10.0.jar;C:\Users\danie\.m2\repository\org\opentest4j\opentest4j\1.3.0\opentest4j-1.3.0.jar;C:\Users\danie\.m2\repository\org\junit\platform\junit-platform-commons\1.10.0\junit-platform-commons-1.10.0.jar;C:\Users\danie\.m2\repository\org\apiguardian\apiguardian-api\1.1.2\apiguardian-api-1.1.2.jar;"/>
    <property name="sun.cpu.endian" value="little"/>
    <property name="user.home" value="C:\Users\danie"/>
    <property name="user.language" value="es"/>
    <property name="java.specification.vendor" value="Oracle Corporation"/>
    <property name="java.version.date" value="2023-04-18"/>
    <property name="java.home" value="C:\Program Files\Java\jdk-17"/>
    <property name="file.separator" value="\"/>
    <property name="basedir" value="c:\Users\danie\OneDrive - Universidad Autonoma de Yucatan\LIS\LIS - Quinto Semestre\Construcción de Software\Código taller\name-formatter-junit\name-formatter"/>
    <property name="java.vm.compressedOopsMode" value="32-bit"/>
    <property name="line.separator" value="&#10;"/>
    <property name="java.vm.specification.vendor" value="Oracle Corporation"/>
    <property name="java.specification.name" value="Java Platform API Specification"/>
    <property name="surefire.real.class.path" value="C:\Users\danie\AppData\Local\Temp\surefire16496492850259064690\surefirebooter-20231018120053836_3.jar"/>
    <property name="user.script" value=""/>
    <property name="sun.management.compiler" value="HotSpot 64-Bit Tiered Compilers"/>
    <property name="java.runtime.version" value="17.0.7+8-LTS-224"/>
    <property name="user.name" value="danie"/>
    <property name="path.separator" value=";"/>
    <property name="os.version" value="10.0"/>
    <property name="java.runtime.name" value="Java(TM) SE Runtime Environment"/>
    <property name="file.encoding" value="Cp1252"/>
    <property name="java.vm.name" value="Java HotSpot(TM) 64-Bit Server VM"/>
    <property name="localRepository" value="C:\Users\danie\.m2\repository"/>
    <property name="java.vendor.url.bug" value="https://bugreport.java.com/bugreport/"/>
    <property name="java.io.tmpdir" value="C:\Users\danie\AppData\Local\Temp\"/>
    <property name="java.version" value="17.0.7"/>
    <property name="user.dir" value="c:\Users\danie\OneDrive - Universidad Autonoma de Yucatan\LIS\LIS - Quinto Semestre\Construcción de Software\Código taller\name-formatter-junit\name-formatter"/>
    <property name="os.arch" value="amd64"/>
    <property name="java.vm.specification.name" value="Java Virtual Machine Specification"/>
    <property name="sun.os.patch.level" value=""/>
    <property name="native.encoding" value="Cp1252"/>
    <property name="java.library.path" value="C:\Program Files\Java\jdk-17\bin;C:\Windows\Sun\Java\bin;C:\Windows\system32;C:\Windows;C:\Python311\Scripts\;C:\Python311\;C:\Program Files\Common Files\Oracle\Java\javapath;C:\Windows\system32;C:\Windows;C:\Windows\System32\Wbem;C:\Windows\System32\WindowsPowerShell\v1.0\;C:\Windows\System32\OpenSSH\;C:\MinGW\bin;C:\Program Files\dotnet\;D:\VST;C:\Program Files\Csound6_x64\bin;C:\Users\danie\OneDrive\Documentos\apache-maven-3.9.0\bin;C:\Users\danie\OneDrive\Documentos\ffmpeg\bin;C:\xampp\php;C:\composer;C:\maven\apache-maven-3.9.3\bin;C:\Program Files\Java\jdk-17\bin;C:\Program Files\nodejs\;C:\ProgramData\chocolatey\bin;C:\Program Files\Git\cmd;C:\Program Files\Git\mingw64\bin;C:\Program Files\Git\usr\bin;C:\Program Files\MySQL\MySQL Shell 8.0\bin\;C:\Users\danie\AppData\Local\Programs\Python\Python310\Scripts\;C:\Users\danie\AppData\Local\Programs\Python\Python310\;C:\Users\danie\AppData\Local\Microsoft\WindowsApps;C:\Users\danie\AppData\Local\Programs\Microsoft VS Code\bin;C:\Users\danie\OneDrive\Documentos\ffmpeg\bin;C:\Program Files\Microchip\xc8\v2.36\bin;C:\Program Files\JetBrains\IntelliJ IDEA 2022.3.1\bin;C:\Program Files\JetBrains\PyCharm 2022.3.1\bin;C:\Program Files\MySQL\MySQL Server 8.0\bin;C:\Users\danie\AppData\Roaming\Composer\vendor\bin;C:\Users\danie\AppData\Local\gitkraken\bin;C:\Program Files\JetBrains\DataGrip 2023.1.2\bin;C:\Program Files\Java\jdk-17\bin;C:\Program Files\JetBrains\WebStorm 2023.1.4\bin;C:\Users\danie\AppData\Roaming\npm;C:\Users\danie\AppData\Local\JetBrains\Toolbox\scripts;;."/>
    <property name="java.vm.info" value="mixed mode, sharing"/>
    <property name="java.vendor" value="Oracle Corporation"/>
    <property name="java.vm.version" value="17.0.7+8-LTS-224"/>
    <property name="sun.io.unicode.encoding" value="UnicodeLittle"/>
    <property name="java.class.version" value="61.0"/>
  </properties>
  <testcase name="nameFormatTests" classname="com.uady.NameFormatterTest" time="0.035">
    <system-out><![CDATA[Inicio de las pruebas
Prueba 1
]]></system-out>
  </testcase>
  <testcase name="nameFormatTests" classname="com.uady.NameFormatterTest" time="0.002"/>
  <testcase name="nameFormatTests" classname="com.uady.NameFormatterTest" time="0.003"/>
  <testcase name="generarPruebas" classname="com.uady.NameFormatterTest" time="0.001">
    <system-out><![CDATA[Fin prueba
Prueba 2
]]></system-out>
  </testcase>
  <testcase name="generarPruebas" classname="com.uady.NameFormatterTest" time="0.001"/>
  <testcase name="generarPruebas" classname="com.uady.NameFormatterTest" time="0.001"/>
  <testcase name="pruebaExcepcionAritmetica" classname="com.uady.NameFormatterTest" time="0.01">
    <system-out><![CDATA[Fin prueba
Prueba 3
Fin prueba
]]></system-out>
  </testcase>
  <testcase name="NameUppercase" classname="com.uady.NameFormatterTest" time="0.003">
    <system-out><![CDATA[Prueba 4
Fin prueba
]]></system-out>
  </testcase>
  <testcase name="TestFileReading" classname="com.uady.NameFormatterTest" time="0.015">
    <system-out><![CDATA[Prueba 5
Fin prueba
]]></system-out>
  </testcase>
  <testcase name="nameAdditionalSpaces" classname="com.uady.NameFormatterTest$pruebasAnidadas" time="0.018">
    <system-out><![CDATA[Prueba 6
Fin prueba
]]></system-out>
  </testcase>
  <testcase name="nameAdditionalSpaces" classname="com.uady.NameFormatterTest$pruebasAnidadas" time="0.004">
    <system-out><![CDATA[Prueba 7
Fin prueba
]]></system-out>
  </testcase>
  <testcase name="nameAdditionalSpaces" classname="com.uady.NameFormatterTest$pruebasAnidadas" time="0.004">
    <system-out><![CDATA[Prueba 8
Fin prueba
]]></system-out>
  </testcase>
  <testcase name="nameAdditionalSpaces" classname="com.uady.NameFormatterTest$pruebasAnidadas" time="0.003">
    <system-out><![CDATA[Prueba 9
Fin prueba
]]></system-out>
  </testcase>
  <testcase name="booleanosTests" classname="com.uady.NameFormatterTest$pruebasAnidadas" time="0.01">
    <system-out><![CDATA[Prueba 10
Fin prueba
]]></system-out>
  </testcase>
</testsuite>